src/bootstrap/container.ts(26,71): error TS2345: Argument of type 'FirebaseFirestore.Firestore' is not assignable to parameter of type 'import("C:/Users/kanth/Documents/GitHub/argent/node_modules/@firebase/firestore/dist/index").Firestore'.
  Type 'Firestore' is missing the following properties from type 'Firestore': type, app, toJSON
src/bootstrap/container.ts(27,63): error TS2345: Argument of type 'FirebaseFirestore.Firestore' is not assignable to parameter of type 'import("C:/Users/kanth/Documents/GitHub/argent/node_modules/@firebase/firestore/dist/index").Firestore'.
  Type 'Firestore' is missing the following properties from type 'Firestore': type, app, toJSON
src/bootstrap/container.ts(28,54): error TS2554: Expected 0 arguments, but got 1.
src/bootstrap/container.ts(29,58): error TS2554: Expected 0 arguments, but got 1.
src/bootstrap/container.ts(30,54): error TS2554: Expected 0 arguments, but got 1.
src/bootstrap/container.ts(31,50): error TS2554: Expected 0 arguments, but got 1.
src/bootstrap/container.ts(47,64): error TS2554: Expected 0 arguments, but got 1.
src/bootstrap/container.ts(84,68): error TS2345: Argument of type '{ userId: string; poolId: string; amount: number; type: "INCOME" | "EXPENSE"; categoryId: string; purpose: string; date: Date; notes: string; tags: string[]; }' is not assignable to parameter of type 'Omit<Transaction, "id" | "createdAt" | "updatedAt">'.
  Property 'isDeleted' is missing in type '{ userId: string; poolId: string; amount: number; type: "INCOME" | "EXPENSE"; categoryId: string; purpose: string; date: Date; notes: string; tags: string[]; }' but required in type 'Omit<Transaction, "id" | "createdAt" | "updatedAt">'.
src/data/firebase/auth.ts(7,16): error TS2305: Module '"./config"' has no exported member 'googleProvider'.
src/data/firebase/auth.ts(21,50): error TS2345: Argument of type 'import("C:/Users/kanth/Documents/GitHub/argent/functions/node_modules/firebase-admin/lib/auth/auth").Auth' is not assignable to parameter of type 'import("C:/Users/kanth/Documents/GitHub/argent/node_modules/@firebase/auth/dist/auth-public").Auth'.
  Type 'Auth' is missing the following properties from type 'Auth': name, config, setPersistence, languageCode, and 11 more.
src/data/firebase/auth.ts(32,31): error TS2345: Argument of type 'import("C:/Users/kanth/Documents/GitHub/argent/functions/node_modules/firebase-admin/lib/auth/auth").Auth' is not assignable to parameter of type 'import("C:/Users/kanth/Documents/GitHub/argent/node_modules/@firebase/auth/dist/auth-public").Auth'.
  Type 'Auth' is missing the following properties from type 'Auth': name, config, setPersistence, languageCode, and 11 more.
src/data/firebase/auth.ts(39,35): error TS2339: Property 'currentUser' does not exist on type 'Auth'.
src/data/firebase/auth.ts(47,35): error TS2345: Argument of type 'import("C:/Users/kanth/Documents/GitHub/argent/functions/node_modules/firebase-admin/lib/auth/auth").Auth' is not assignable to parameter of type 'import("C:/Users/kanth/Documents/GitHub/argent/node_modules/@firebase/auth/dist/auth-public").Auth'.
  Type 'Auth' is missing the following properties from type 'Auth': name, config, setPersistence, languageCode, and 11 more.
src/data/firebase/cashpool.ts(28,24): error TS2769: No overload matches this call.
  Overload 1 of 3, '(firestore: Firestore, path: string, ...pathSegments: string[]): CollectionReference<DocumentData, DocumentData>', gave the following error.
    Argument of type 'FirebaseFirestore.Firestore' is not assignable to parameter of type 'import("C:/Users/kanth/Documents/GitHub/argent/node_modules/@firebase/firestore/dist/index").Firestore'.
      Type 'Firestore' is missing the following properties from type 'Firestore': type, app, toJSON
  Overload 2 of 3, '(reference: CollectionReference<unknown, DocumentData>, path: string, ...pathSegments: string[]): CollectionReference<DocumentData, DocumentData>', gave the following error.
    Argument of type 'Firestore' is not assignable to parameter of type 'CollectionReference<unknown, DocumentData>'.
      Type 'Firestore' is missing the following properties from type 'CollectionReference<unknown, DocumentData>': type, id, path, parent, and 3 more.
  Overload 3 of 3, '(reference: DocumentReference<unknown, DocumentData>, path: string, ...pathSegments: string[]): CollectionReference<DocumentData, DocumentData>', gave the following error.
    Argument of type 'Firestore' is not assignable to parameter of type 'DocumentReference<unknown, DocumentData>'.
      Type 'Firestore' is missing the following properties from type 'DocumentReference<unknown, DocumentData>': converter, type, firestore, id, and 4 more.
src/data/firebase/cashpool.ts(44,28): error TS2769: No overload matches this call.
  Overload 1 of 3, '(firestore: Firestore, path: string, ...pathSegments: string[]): DocumentReference<DocumentData, DocumentData>', gave the following error.
    Argument of type 'FirebaseFirestore.Firestore' is not assignable to parameter of type 'import("C:/Users/kanth/Documents/GitHub/argent/node_modules/@firebase/firestore/dist/index").Firestore'.
      Type 'Firestore' is missing the following properties from type 'Firestore': type, app, toJSON
  Overload 2 of 3, '(reference: CollectionReference<unknown, DocumentData>, path?: string, ...pathSegments: string[]): DocumentReference<unknown, DocumentData>', gave the following error.
    Argument of type 'Firestore' is not assignable to parameter of type 'CollectionReference<unknown, DocumentData>'.
      Type 'Firestore' is missing the following properties from type 'CollectionReference<unknown, DocumentData>': type, id, path, parent, and 3 more.
  Overload 3 of 3, '(reference: DocumentReference<unknown, DocumentData>, path: string, ...pathSegments: string[]): DocumentReference<DocumentData, DocumentData>', gave the following error.
    Argument of type 'Firestore' is not assignable to parameter of type 'DocumentReference<unknown, DocumentData>'.
      Type 'Firestore' is missing the following properties from type 'DocumentReference<unknown, DocumentData>': converter, type, firestore, id, and 4 more.
src/data/firebase/cashpool.ts(66,48): error TS2769: No overload matches this call.
  Overload 1 of 3, '(firestore: Firestore, path: string, ...pathSegments: string[]): CollectionReference<DocumentData, DocumentData>', gave the following error.
    Argument of type 'FirebaseFirestore.Firestore' is not assignable to parameter of type 'import("C:/Users/kanth/Documents/GitHub/argent/node_modules/@firebase/firestore/dist/index").Firestore'.
      Type 'Firestore' is missing the following properties from type 'Firestore': type, app, toJSON
  Overload 2 of 3, '(reference: CollectionReference<unknown, DocumentData>, path: string, ...pathSegments: string[]): CollectionReference<DocumentData, DocumentData>', gave the following error.
    Argument of type 'Firestore' is not assignable to parameter of type 'CollectionReference<unknown, DocumentData>'.
      Type 'Firestore' is missing the following properties from type 'CollectionReference<unknown, DocumentData>': type, id, path, parent, and 3 more.
  Overload 3 of 3, '(reference: DocumentReference<unknown, DocumentData>, path: string, ...pathSegments: string[]): CollectionReference<DocumentData, DocumentData>', gave the following error.
    Argument of type 'Firestore' is not assignable to parameter of type 'DocumentReference<unknown, DocumentData>'.
      Type 'Firestore' is missing the following properties from type 'DocumentReference<unknown, DocumentData>': converter, type, firestore, id, and 4 more.
src/data/firebase/cashpool.ts(74,28): error TS2769: No overload matches this call.
  Overload 1 of 3, '(firestore: Firestore, path: string, ...pathSegments: string[]): DocumentReference<DocumentData, DocumentData>', gave the following error.
    Argument of type 'FirebaseFirestore.Firestore' is not assignable to parameter of type 'import("C:/Users/kanth/Documents/GitHub/argent/node_modules/@firebase/firestore/dist/index").Firestore'.
      Type 'Firestore' is missing the following properties from type 'Firestore': type, app, toJSON
  Overload 2 of 3, '(reference: CollectionReference<unknown, DocumentData>, path?: string, ...pathSegments: string[]): DocumentReference<unknown, DocumentData>', gave the following error.
    Argument of type 'Firestore' is not assignable to parameter of type 'CollectionReference<unknown, DocumentData>'.
      Type 'Firestore' is missing the following properties from type 'CollectionReference<unknown, DocumentData>': type, id, path, parent, and 3 more.
  Overload 3 of 3, '(reference: DocumentReference<unknown, DocumentData>, path: string, ...pathSegments: string[]): DocumentReference<DocumentData, DocumentData>', gave the following error.
    Argument of type 'Firestore' is not assignable to parameter of type 'DocumentReference<unknown, DocumentData>'.
      Type 'Firestore' is missing the following properties from type 'DocumentReference<unknown, DocumentData>': converter, type, firestore, id, and 4 more.
src/data/firebase/cashpool.ts(94,28): error TS2769: No overload matches this call.
  Overload 1 of 3, '(firestore: Firestore, path: string, ...pathSegments: string[]): DocumentReference<DocumentData, DocumentData>', gave the following error.
    Argument of type 'FirebaseFirestore.Firestore' is not assignable to parameter of type 'import("C:/Users/kanth/Documents/GitHub/argent/node_modules/@firebase/firestore/dist/index").Firestore'.
      Type 'Firestore' is missing the following properties from type 'Firestore': type, app, toJSON
  Overload 2 of 3, '(reference: CollectionReference<unknown, DocumentData>, path?: string, ...pathSegments: string[]): DocumentReference<unknown, DocumentData>', gave the following error.
    Argument of type 'Firestore' is not assignable to parameter of type 'CollectionReference<unknown, DocumentData>'.
      Type 'Firestore' is missing the following properties from type 'CollectionReference<unknown, DocumentData>': type, id, path, parent, and 3 more.
  Overload 3 of 3, '(reference: DocumentReference<unknown, DocumentData>, path: string, ...pathSegments: string[]): DocumentReference<DocumentData, DocumentData>', gave the following error.
    Argument of type 'Firestore' is not assignable to parameter of type 'DocumentReference<unknown, DocumentData>'.
      Type 'Firestore' is missing the following properties from type 'DocumentReference<unknown, DocumentData>': converter, type, firestore, id, and 4 more.
src/data/firebase/cashpool.ts(105,28): error TS2769: No overload matches this call.
  Overload 1 of 3, '(firestore: Firestore, path: string, ...pathSegments: string[]): DocumentReference<DocumentData, DocumentData>', gave the following error.
    Argument of type 'FirebaseFirestore.Firestore' is not assignable to parameter of type 'import("C:/Users/kanth/Documents/GitHub/argent/node_modules/@firebase/firestore/dist/index").Firestore'.
      Type 'Firestore' is missing the following properties from type 'Firestore': type, app, toJSON
  Overload 2 of 3, '(reference: CollectionReference<unknown, DocumentData>, path?: string, ...pathSegments: string[]): DocumentReference<unknown, DocumentData>', gave the following error.
    Argument of type 'Firestore' is not assignable to parameter of type 'CollectionReference<unknown, DocumentData>'.
      Type 'Firestore' is missing the following properties from type 'CollectionReference<unknown, DocumentData>': type, id, path, parent, and 3 more.
  Overload 3 of 3, '(reference: DocumentReference<unknown, DocumentData>, path: string, ...pathSegments: string[]): DocumentReference<DocumentData, DocumentData>', gave the following error.
    Argument of type 'Firestore' is not assignable to parameter of type 'DocumentReference<unknown, DocumentData>'.
      Type 'Firestore' is missing the following properties from type 'DocumentReference<unknown, DocumentData>': converter, type, firestore, id, and 4 more.
src/data/firebase/category.ts(24,36): error TS2769: No overload matches this call.
  Overload 1 of 3, '(firestore: Firestore, path: string, ...pathSegments: string[]): CollectionReference<DocumentData, DocumentData>', gave the following error.
    Argument of type 'FirebaseFirestore.Firestore' is not assignable to parameter of type 'import("C:/Users/kanth/Documents/GitHub/argent/node_modules/@firebase/firestore/dist/index").Firestore'.
      Type 'Firestore' is missing the following properties from type 'Firestore': type, app, toJSON
  Overload 2 of 3, '(reference: CollectionReference<unknown, DocumentData>, path: string, ...pathSegments: string[]): CollectionReference<DocumentData, DocumentData>', gave the following error.
    Argument of type 'Firestore' is not assignable to parameter of type 'CollectionReference<unknown, DocumentData>'.
      Type 'Firestore' is missing the following properties from type 'CollectionReference<unknown, DocumentData>': type, id, path, parent, and 3 more.
  Overload 3 of 3, '(reference: DocumentReference<unknown, DocumentData>, path: string, ...pathSegments: string[]): CollectionReference<DocumentData, DocumentData>', gave the following error.
    Argument of type 'Firestore' is not assignable to parameter of type 'DocumentReference<unknown, DocumentData>'.
      Type 'Firestore' is missing the following properties from type 'DocumentReference<unknown, DocumentData>': converter, type, firestore, id, and 4 more.
src/data/firebase/category.ts(35,24): error TS2769: No overload matches this call.
  Overload 1 of 3, '(firestore: Firestore, path: string, ...pathSegments: string[]): CollectionReference<DocumentData, DocumentData>', gave the following error.
    Argument of type 'FirebaseFirestore.Firestore' is not assignable to parameter of type 'import("C:/Users/kanth/Documents/GitHub/argent/node_modules/@firebase/firestore/dist/index").Firestore'.
      Type 'Firestore' is missing the following properties from type 'Firestore': type, app, toJSON
  Overload 2 of 3, '(reference: CollectionReference<unknown, DocumentData>, path: string, ...pathSegments: string[]): CollectionReference<DocumentData, DocumentData>', gave the following error.
    Argument of type 'Firestore' is not assignable to parameter of type 'CollectionReference<unknown, DocumentData>'.
      Type 'Firestore' is missing the following properties from type 'CollectionReference<unknown, DocumentData>': type, id, path, parent, and 3 more.
  Overload 3 of 3, '(reference: DocumentReference<unknown, DocumentData>, path: string, ...pathSegments: string[]): CollectionReference<DocumentData, DocumentData>', gave the following error.
    Argument of type 'Firestore' is not assignable to parameter of type 'DocumentReference<unknown, DocumentData>'.
      Type 'Firestore' is missing the following properties from type 'DocumentReference<unknown, DocumentData>': converter, type, firestore, id, and 4 more.
src/data/firebase/category.ts(53,48): error TS2769: No overload matches this call.
  Overload 1 of 3, '(firestore: Firestore, path: string, ...pathSegments: string[]): CollectionReference<DocumentData, DocumentData>', gave the following error.
    Argument of type 'FirebaseFirestore.Firestore' is not assignable to parameter of type 'import("C:/Users/kanth/Documents/GitHub/argent/node_modules/@firebase/firestore/dist/index").Firestore'.
      Type 'Firestore' is missing the following properties from type 'Firestore': type, app, toJSON
  Overload 2 of 3, '(reference: CollectionReference<unknown, DocumentData>, path: string, ...pathSegments: string[]): CollectionReference<DocumentData, DocumentData>', gave the following error.
    Argument of type 'Firestore' is not assignable to parameter of type 'CollectionReference<unknown, DocumentData>'.
      Type 'Firestore' is missing the following properties from type 'CollectionReference<unknown, DocumentData>': type, id, path, parent, and 3 more.
  Overload 3 of 3, '(reference: DocumentReference<unknown, DocumentData>, path: string, ...pathSegments: string[]): CollectionReference<DocumentData, DocumentData>', gave the following error.
    Argument of type 'Firestore' is not assignable to parameter of type 'DocumentReference<unknown, DocumentData>'.
      Type 'Firestore' is missing the following properties from type 'DocumentReference<unknown, DocumentData>': converter, type, firestore, id, and 4 more.
src/data/firebase/transaction.ts(28,24): error TS2769: No overload matches this call.
  Overload 1 of 3, '(firestore: Firestore, path: string, ...pathSegments: string[]): CollectionReference<DocumentData, DocumentData>', gave the following error.
    Argument of type 'FirebaseFirestore.Firestore' is not assignable to parameter of type 'import("C:/Users/kanth/Documents/GitHub/argent/node_modules/@firebase/firestore/dist/index").Firestore'.
      Type 'Firestore' is missing the following properties from type 'Firestore': type, app, toJSON
  Overload 2 of 3, '(reference: CollectionReference<unknown, DocumentData>, path: string, ...pathSegments: string[]): CollectionReference<DocumentData, DocumentData>', gave the following error.
    Argument of type 'Firestore' is not assignable to parameter of type 'CollectionReference<unknown, DocumentData>'.
      Type 'Firestore' is missing the following properties from type 'CollectionReference<unknown, DocumentData>': type, id, path, parent, and 3 more.
  Overload 3 of 3, '(reference: DocumentReference<unknown, DocumentData>, path: string, ...pathSegments: string[]): CollectionReference<DocumentData, DocumentData>', gave the following error.
    Argument of type 'Firestore' is not assignable to parameter of type 'DocumentReference<unknown, DocumentData>'.
      Type 'Firestore' is missing the following properties from type 'DocumentReference<unknown, DocumentData>': converter, type, firestore, id, and 4 more.
src/data/firebase/transaction.ts(44,28): error TS2769: No overload matches this call.
  Overload 1 of 3, '(firestore: Firestore, path: string, ...pathSegments: string[]): DocumentReference<DocumentData, DocumentData>', gave the following error.
    Argument of type 'FirebaseFirestore.Firestore' is not assignable to parameter of type 'import("C:/Users/kanth/Documents/GitHub/argent/node_modules/@firebase/firestore/dist/index").Firestore'.
      Type 'Firestore' is missing the following properties from type 'Firestore': type, app, toJSON
  Overload 2 of 3, '(reference: CollectionReference<unknown, DocumentData>, path?: string, ...pathSegments: string[]): DocumentReference<unknown, DocumentData>', gave the following error.
    Argument of type 'Firestore' is not assignable to parameter of type 'CollectionReference<unknown, DocumentData>'.
      Type 'Firestore' is missing the following properties from type 'CollectionReference<unknown, DocumentData>': type, id, path, parent, and 3 more.
  Overload 3 of 3, '(reference: DocumentReference<unknown, DocumentData>, path: string, ...pathSegments: string[]): DocumentReference<DocumentData, DocumentData>', gave the following error.
    Argument of type 'Firestore' is not assignable to parameter of type 'DocumentReference<unknown, DocumentData>'.
      Type 'Firestore' is missing the following properties from type 'DocumentReference<unknown, DocumentData>': converter, type, firestore, id, and 4 more.
src/data/firebase/transaction.ts(59,24): error TS2769: No overload matches this call.
  Overload 1 of 3, '(firestore: Firestore, path: string, ...pathSegments: string[]): CollectionReference<DocumentData, DocumentData>', gave the following error.
    Argument of type 'FirebaseFirestore.Firestore' is not assignable to parameter of type 'import("C:/Users/kanth/Documents/GitHub/argent/node_modules/@firebase/firestore/dist/index").Firestore'.
      Type 'Firestore' is missing the following properties from type 'Firestore': type, app, toJSON
  Overload 2 of 3, '(reference: CollectionReference<unknown, DocumentData>, path: string, ...pathSegments: string[]): CollectionReference<DocumentData, DocumentData>', gave the following error.
    Argument of type 'Firestore' is not assignable to parameter of type 'CollectionReference<unknown, DocumentData>'.
      Type 'Firestore' is missing the following properties from type 'CollectionReference<unknown, DocumentData>': type, id, path, parent, and 3 more.
  Overload 3 of 3, '(reference: DocumentReference<unknown, DocumentData>, path: string, ...pathSegments: string[]): CollectionReference<DocumentData, DocumentData>', gave the following error.
    Argument of type 'Firestore' is not assignable to parameter of type 'DocumentReference<unknown, DocumentData>'.
      Type 'Firestore' is missing the following properties from type 'DocumentReference<unknown, DocumentData>': converter, type, firestore, id, and 4 more.
src/data/firebase/transaction.ts(76,24): error TS2769: No overload matches this call.
  Overload 1 of 3, '(firestore: Firestore, path: string, ...pathSegments: string[]): CollectionReference<DocumentData, DocumentData>', gave the following error.
    Argument of type 'FirebaseFirestore.Firestore' is not assignable to parameter of type 'import("C:/Users/kanth/Documents/GitHub/argent/node_modules/@firebase/firestore/dist/index").Firestore'.
      Type 'Firestore' is missing the following properties from type 'Firestore': type, app, toJSON
  Overload 2 of 3, '(reference: CollectionReference<unknown, DocumentData>, path: string, ...pathSegments: string[]): CollectionReference<DocumentData, DocumentData>', gave the following error.
    Argument of type 'Firestore' is not assignable to parameter of type 'CollectionReference<unknown, DocumentData>'.
      Type 'Firestore' is missing the following properties from type 'CollectionReference<unknown, DocumentData>': type, id, path, parent, and 3 more.
  Overload 3 of 3, '(reference: DocumentReference<unknown, DocumentData>, path: string, ...pathSegments: string[]): CollectionReference<DocumentData, DocumentData>', gave the following error.
    Argument of type 'Firestore' is not assignable to parameter of type 'DocumentReference<unknown, DocumentData>'.
      Type 'Firestore' is missing the following properties from type 'DocumentReference<unknown, DocumentData>': converter, type, firestore, id, and 4 more.
src/data/firebase/transaction.ts(95,24): error TS2769: No overload matches this call.
  Overload 1 of 3, '(firestore: Firestore, path: string, ...pathSegments: string[]): CollectionReference<DocumentData, DocumentData>', gave the following error.
    Argument of type 'FirebaseFirestore.Firestore' is not assignable to parameter of type 'import("C:/Users/kanth/Documents/GitHub/argent/node_modules/@firebase/firestore/dist/index").Firestore'.
      Type 'Firestore' is missing the following properties from type 'Firestore': type, app, toJSON
  Overload 2 of 3, '(reference: CollectionReference<unknown, DocumentData>, path: string, ...pathSegments: string[]): CollectionReference<DocumentData, DocumentData>', gave the following error.
    Argument of type 'Firestore' is not assignable to parameter of type 'CollectionReference<unknown, DocumentData>'.
      Type 'Firestore' is missing the following properties from type 'CollectionReference<unknown, DocumentData>': type, id, path, parent, and 3 more.
  Overload 3 of 3, '(reference: DocumentReference<unknown, DocumentData>, path: string, ...pathSegments: string[]): CollectionReference<DocumentData, DocumentData>', gave the following error.
    Argument of type 'Firestore' is not assignable to parameter of type 'DocumentReference<unknown, DocumentData>'.
      Type 'Firestore' is missing the following properties from type 'DocumentReference<unknown, DocumentData>': converter, type, firestore, id, and 4 more.
src/data/firebase/transaction.ts(115,24): error TS2769: No overload matches this call.
  Overload 1 of 3, '(firestore: Firestore, path: string, ...pathSegments: string[]): CollectionReference<DocumentData, DocumentData>', gave the following error.
    Argument of type 'FirebaseFirestore.Firestore' is not assignable to parameter of type 'import("C:/Users/kanth/Documents/GitHub/argent/node_modules/@firebase/firestore/dist/index").Firestore'.
      Type 'Firestore' is missing the following properties from type 'Firestore': type, app, toJSON
  Overload 2 of 3, '(reference: CollectionReference<unknown, DocumentData>, path: string, ...pathSegments: string[]): CollectionReference<DocumentData, DocumentData>', gave the following error.
    Argument of type 'Firestore' is not assignable to parameter of type 'CollectionReference<unknown, DocumentData>'.
      Type 'Firestore' is missing the following properties from type 'CollectionReference<unknown, DocumentData>': type, id, path, parent, and 3 more.
  Overload 3 of 3, '(reference: DocumentReference<unknown, DocumentData>, path: string, ...pathSegments: string[]): CollectionReference<DocumentData, DocumentData>', gave the following error.
    Argument of type 'Firestore' is not assignable to parameter of type 'DocumentReference<unknown, DocumentData>'.
      Type 'Firestore' is missing the following properties from type 'DocumentReference<unknown, DocumentData>': converter, type, firestore, id, and 4 more.
src/data/firebase/transaction.ts(160,48): error TS2769: No overload matches this call.
  Overload 1 of 3, '(firestore: Firestore, path: string, ...pathSegments: string[]): CollectionReference<DocumentData, DocumentData>', gave the following error.
    Argument of type 'FirebaseFirestore.Firestore' is not assignable to parameter of type 'import("C:/Users/kanth/Documents/GitHub/argent/node_modules/@firebase/firestore/dist/index").Firestore'.
      Type 'Firestore' is missing the following properties from type 'Firestore': type, app, toJSON
  Overload 2 of 3, '(reference: CollectionReference<unknown, DocumentData>, path: string, ...pathSegments: string[]): CollectionReference<DocumentData, DocumentData>', gave the following error.
    Argument of type 'Firestore' is not assignable to parameter of type 'CollectionReference<unknown, DocumentData>'.
      Type 'Firestore' is missing the following properties from type 'CollectionReference<unknown, DocumentData>': type, id, path, parent, and 3 more.
  Overload 3 of 3, '(reference: DocumentReference<unknown, DocumentData>, path: string, ...pathSegments: string[]): CollectionReference<DocumentData, DocumentData>', gave the following error.
    Argument of type 'Firestore' is not assignable to parameter of type 'DocumentReference<unknown, DocumentData>'.
      Type 'Firestore' is missing the following properties from type 'DocumentReference<unknown, DocumentData>': converter, type, firestore, id, and 4 more.
src/data/firebase/transaction.ts(168,28): error TS2769: No overload matches this call.
  Overload 1 of 3, '(firestore: Firestore, path: string, ...pathSegments: string[]): DocumentReference<DocumentData, DocumentData>', gave the following error.
    Argument of type 'FirebaseFirestore.Firestore' is not assignable to parameter of type 'import("C:/Users/kanth/Documents/GitHub/argent/node_modules/@firebase/firestore/dist/index").Firestore'.
      Type 'Firestore' is missing the following properties from type 'Firestore': type, app, toJSON
  Overload 2 of 3, '(reference: CollectionReference<unknown, DocumentData>, path?: string, ...pathSegments: string[]): DocumentReference<unknown, DocumentData>', gave the following error.
    Argument of type 'Firestore' is not assignable to parameter of type 'CollectionReference<unknown, DocumentData>'.
      Type 'Firestore' is missing the following properties from type 'CollectionReference<unknown, DocumentData>': type, id, path, parent, and 3 more.
  Overload 3 of 3, '(reference: DocumentReference<unknown, DocumentData>, path: string, ...pathSegments: string[]): DocumentReference<DocumentData, DocumentData>', gave the following error.
    Argument of type 'Firestore' is not assignable to parameter of type 'DocumentReference<unknown, DocumentData>'.
      Type 'Firestore' is missing the following properties from type 'DocumentReference<unknown, DocumentData>': converter, type, firestore, id, and 4 more.
src/data/firebase/transaction.ts(192,28): error TS2769: No overload matches this call.
  Overload 1 of 3, '(firestore: Firestore, path: string, ...pathSegments: string[]): DocumentReference<DocumentData, DocumentData>', gave the following error.
    Argument of type 'FirebaseFirestore.Firestore' is not assignable to parameter of type 'import("C:/Users/kanth/Documents/GitHub/argent/node_modules/@firebase/firestore/dist/index").Firestore'.
      Type 'Firestore' is missing the following properties from type 'Firestore': type, app, toJSON
  Overload 2 of 3, '(reference: CollectionReference<unknown, DocumentData>, path?: string, ...pathSegments: string[]): DocumentReference<unknown, DocumentData>', gave the following error.
    Argument of type 'Firestore' is not assignable to parameter of type 'CollectionReference<unknown, DocumentData>'.
      Type 'Firestore' is missing the following properties from type 'CollectionReference<unknown, DocumentData>': type, id, path, parent, and 3 more.
  Overload 3 of 3, '(reference: DocumentReference<unknown, DocumentData>, path: string, ...pathSegments: string[]): DocumentReference<DocumentData, DocumentData>', gave the following error.
    Argument of type 'Firestore' is not assignable to parameter of type 'DocumentReference<unknown, DocumentData>'.
      Type 'Firestore' is missing the following properties from type 'DocumentReference<unknown, DocumentData>': converter, type, firestore, id, and 4 more.
src/data/repositories/ArtworkRepository.ts(3,39): error TS2307: Cannot find module '../datasources/MockArtworkDataSource' or its corresponding type declarations.
src/data/repositories/BudgetCategoryRepository.ts(16,20): error TS2307: Cannot find module './firebase/config' or its corresponding type declarations.
src/data/repositories/BudgetRepository.ts(16,20): error TS2307: Cannot find module './firebase/config' or its corresponding type declarations.
src/data/repositories/CashPoolRepository.ts(3,44): error TS2307: Cannot find module './firebase/cashpool' or its corresponding type declarations.
src/data/repositories/CategoryRepository.ts(4,44): error TS2307: Cannot find module './firebase/category' or its corresponding type declarations.
src/data/repositories/CommissionRepository.ts(3,42): error TS2307: Cannot find module '../datasources/MockCommissionDataSource' or its corresponding type declarations.
src/data/repositories/LeadRepository.ts(16,20): error TS2307: Cannot find module './firebase/config' or its corresponding type declarations.
src/data/repositories/LoanRepaymentRepository.ts(16,20): error TS2307: Cannot find module './firebase/config' or its corresponding type declarations.
src/data/repositories/LoanRepository.ts(16,20): error TS2307: Cannot find module './firebase/config' or its corresponding type declarations.
src/data/repositories/PersonRepository.ts(16,20): error TS2307: Cannot find module './firebase/config' or its corresponding type declarations.
src/data/repositories/SaleRepository.ts(3,36): error TS2307: Cannot find module '../datasources/MockSaleDataSource' or its corresponding type declarations.
src/data/repositories/TransactionDraftRepository.ts(130,17): error TS2322: Type 'import("C:/Users/kanth/Documents/GitHub/argent/functions/src/domain/entities/DraftType").DraftStatus' is not assignable to type 'import("C:/Users/kanth/Documents/GitHub/argent/functions/src/domain/entities/DraftStatus").DraftStatus'.
  Type '"CANCELLED"' is not assignable to type 'DraftStatus'.
src/data/repositories/TransactionDraftRepository.ts(170,17): error TS2322: Type 'import("C:/Users/kanth/Documents/GitHub/argent/functions/src/domain/entities/DraftType").DraftStatus' is not assignable to type 'import("C:/Users/kanth/Documents/GitHub/argent/functions/src/domain/entities/DraftStatus").DraftStatus'.
  Type '"CANCELLED"' is not assignable to type 'DraftStatus'.
src/data/repositories/TransactionDraftRepository.ts(280,13): error TS2322: Type 'import("C:/Users/kanth/Documents/GitHub/argent/functions/src/domain/entities/DraftStatus").DraftStatus' is not assignable to type 'import("C:/Users/kanth/Documents/GitHub/argent/functions/src/domain/entities/DraftType").DraftStatus'.
src/data/repositories/TransactionRepository.ts(3,47): error TS2307: Cannot find module './firebase/transaction' or its corresponding type declarations.
src/data/repositories/UserRepository.ts(3,37): error TS2307: Cannot find module './firebase/auth' or its corresponding type declarations.
src/data/repositories/WorkGroupRepository.ts(3,41): error TS2307: Cannot find module '../datasources/MockWorkGroupDataSource' or its corresponding type declarations.
src/domain/services/AgentOrchestrator.ts(13,40): error TS2307: Cannot find module '../usecases/CreateTransactionDraft' or its corresponding type declarations.
src/domain/services/AgentOrchestrator.ts(14,38): error TS2307: Cannot find module '../usecases/TransitionAgentState' or its corresponding type declarations.
src/domain/services/AgentOrchestrator.ts(130,43): error TS2339: Property 'updateActiveDraftId' does not exist on type 'IAgentConversationRepository'.
src/domain/services/AgentOrchestrator.ts(208,38): error TS2339: Property 'code' does not exist on type 'GeminiValidationError'.
src/domain/services/AgentOrchestrator.ts(317,25): error TS2353: Object literal may only specify known properties, and 'isDeleted' does not exist in type 'Omit<Loan, "id" | "createdAt" | "updatedAt">'.
src/domain/services/AgentOrchestrator.ts(437,17): error TS2322: Type 'string' is not assignable to type 'Date'.
src/domain/services/AgentOrchestrator.ts(479,50): error TS2339: Property 'findByName' does not exist on type 'IPersonRepository'.
src/domain/services/AgentOrchestrator.ts(486,47): error TS2339: Property 'update' does not exist on type 'IAgentConversationRepository'.
src/domain/services/AgentOrchestrator.ts(508,43): error TS2339: Property 'update' does not exist on type 'IAgentConversationRepository'.
src/domain/services/DraftMutationService.ts(4,40): error TS2307: Cannot find module '../usecases/UpdateTransactionDraft' or its corresponding type declarations.
src/domain/usecases/agent/ConfirmTransactionDraft.ts(30,13): error TS2367: This comparison appears to be unintentional because the types 'DraftStatus' and '"WAITING_FOR_CONFIRMATION"' have no overlap.
src/domain/usecases/agent/CreateTransactionDraft.ts(32,13): error TS2322: Type 'DraftStatus.IN_PROGRESS' is not assignable to type 'DraftStatus'.
src/domain/usecases/agent/UpdateTransactionDraft.ts(77,17): error TS2367: This comparison appears to be unintentional because the types '"INCOMPLETE" | "READY" | "FINALIZED"' and 'DraftStatus.IN_PROGRESS' have no overlap.
src/domain/usecases/agent/UpdateTransactionDraft.ts(78,17): error TS2367: This comparison appears to be unintentional because the types '"INCOMPLETE" | "READY" | "FINALIZED"' and 'DraftStatus.WAITING_FOR_INPUT' have no overlap.
src/domain/usecases/agent/UpdateTransactionDraft.ts(80,17): error TS2322: Type 'DraftStatus.WAITING_FOR_CONFIRMATION' is not assignable to type '"INCOMPLETE" | "READY" | "FINALIZED"'.
src/domain/usecases/agent/UpdateTransactionDraft.ts(84,17): error TS2367: This comparison appears to be unintentional because the types '"INCOMPLETE" | "READY" | "FINALIZED"' and 'DraftStatus.IN_PROGRESS' have no overlap.
src/domain/usecases/agent/UpdateTransactionDraft.ts(85,17): error TS2322: Type 'DraftStatus.WAITING_FOR_INPUT' is not assignable to type '"INCOMPLETE" | "READY" | "FINALIZED"'.
src/domain/usecases/budgets/AddBudgetAllocation.ts(78,17): error TS2353: Object literal may only specify known properties, and 'totalPlanned' does not exist in type 'Omit<Budget, "id" | "createdAt" | "updatedAt">'.
src/domain/usecases/budgets/AddBudgetAllocation.ts(100,17): error TS2353: Object literal may only specify known properties, and 'actualAmount' does not exist in type 'Omit<BudgetCategory, "id" | "createdAt" | "updatedAt">'.
src/domain/usecases/budgets/AddBudgetAllocation.ts(109,13): error TS2353: Object literal may only specify known properties, and 'totalPlanned' does not exist in type 'Partial<Budget>'.
src/domain/usecases/loans/CreateLoan.ts(43,49): error TS2345: Argument of type '{ userId: string; personId: string; direction: "TAKEN" | "GIVEN"; principalAmount: number; interestRate: number; borrowedDate: Date; expectedRepaymentDate: Date; status: "ACTIVE"; notes: string; }' is not assignable to parameter of type 'Omit<Loan, "id" | "createdAt" | "updatedAt">'.
  Type '{ userId: string; personId: string; direction: "TAKEN" | "GIVEN"; principalAmount: number; interestRate: number; borrowedDate: Date; expectedRepaymentDate: Date; status: "ACTIVE"; notes: string; }' is missing the following properties from type 'Omit<Loan, "id" | "createdAt" | "updatedAt">': totalRepaid, outstandingAmount
