
> argent-functions@1.0.0 build
> tsc

src/bootstrap/container.ts(10,34): error TS2307: Cannot find module '../data/repositories/PersonRepository' or its corresponding type declarations.
src/bootstrap/container.ts(11,32): error TS2307: Cannot find module '../data/repositories/LoanRepository' or its corresponding type declarations.
src/bootstrap/container.ts(26,71): error TS2345: Argument of type 'FirebaseFirestore.Firestore' is not assignable to parameter of type 'import("C:/Users/kanth/Documents/GitHub/argent/node_modules/@firebase/firestore/dist/index").Firestore'.
  Type 'Firestore' is missing the following properties from type 'Firestore': type, app, toJSON
src/bootstrap/container.ts(27,63): error TS2345: Argument of type 'FirebaseFirestore.Firestore' is not assignable to parameter of type 'import("C:/Users/kanth/Documents/GitHub/argent/node_modules/@firebase/firestore/dist/index").Firestore'.
  Type 'Firestore' is missing the following properties from type 'Firestore': type, app, toJSON
src/bootstrap/container.ts(35,5): error TS2345: Argument of type 'AgentConversationRepository' is not assignable to parameter of type 'IAgentConversationRepository'.
  Type 'AgentConversationRepository' is missing the following properties from type 'IAgentConversationRepository': update, updateAgentState, updateActiveDraftId
src/bootstrap/container.ts(44,39): error TS2307: Cannot find module '../data/repositories/TransactionRepository' or its corresponding type declarations.
src/data/repositories/AgentConversationRepository.ts(43,14): error TS2420: Class 'AgentConversationRepository' incorrectly implements interface 'IAgentConversationRepository'.
  Type 'AgentConversationRepository' is missing the following properties from type 'IAgentConversationRepository': update, updateAgentState, updateActiveDraftId
src/data/repositories/ArtworkRepository.ts(3,39): error TS2307: Cannot find module '../datasources/MockArtworkDataSource' or its corresponding type declarations.
src/data/repositories/CashPoolRepository.ts(65,9): error TS2739: Type '{ id: string; userId: any; name: any; balance: any; currency: any; isActive: boolean; }' is missing the following properties from type 'CashPool': type, initialBalance, createdAt, updatedAt
src/data/repositories/CommissionRepository.ts(3,42): error TS2307: Cannot find module '../datasources/MockCommissionDataSource' or its corresponding type declarations.
src/data/repositories/LoanRepaymentRepository.ts(2,15): error TS2305: Module '"../../domain/entities/Loan"' has no exported member 'LoanRepayment'.
src/data/repositories/SaleRepository.ts(3,36): error TS2307: Cannot find module '../datasources/MockSaleDataSource' or its corresponding type declarations.
src/data/repositories/TransactionDraftRepository.ts(130,17): error TS2322: Type 'import("C:/Users/kanth/Documents/GitHub/argent/functions/src/domain/entities/DraftType").DraftStatus' is not assignable to type 'import("C:/Users/kanth/Documents/GitHub/argent/functions/src/domain/entities/DraftStatus").DraftStatus'.
  Type '"CANCELLED"' is not assignable to type 'DraftStatus'.
src/data/repositories/TransactionDraftRepository.ts(170,17): error TS2322: Type 'import("C:/Users/kanth/Documents/GitHub/argent/functions/src/domain/entities/DraftType").DraftStatus' is not assignable to type 'import("C:/Users/kanth/Documents/GitHub/argent/functions/src/domain/entities/DraftStatus").DraftStatus'.
  Type '"CANCELLED"' is not assignable to type 'DraftStatus'.
src/data/repositories/TransactionDraftRepository.ts(280,13): error TS2322: Type 'import("C:/Users/kanth/Documents/GitHub/argent/functions/src/domain/entities/DraftStatus").DraftStatus' is not assignable to type 'import("C:/Users/kanth/Documents/GitHub/argent/functions/src/domain/entities/DraftType").DraftStatus'.
src/data/repositories/WorkGroupRepository.ts(3,41): error TS2307: Cannot find module '../datasources/MockWorkGroupDataSource' or its corresponding type declarations.
src/domain/repositories/ILoanRepaymentRepository.ts(1,15): error TS2305: Module '"../entities/Loan"' has no exported member 'LoanRepayment'.
src/domain/services/AgentOrchestrator.ts(13,40): error TS2307: Cannot find module '../usecases/CreateTransactionDraft' or its corresponding type declarations.
src/domain/services/AgentOrchestrator.ts(14,38): error TS2307: Cannot find module '../usecases/TransitionAgentState' or its corresponding type declarations.
src/domain/services/AgentOrchestrator.ts(366,17): error TS2322: Type 'string' is not assignable to type 'Date'.
src/domain/services/DraftMutationService.ts(4,40): error TS2307: Cannot find module '../usecases/UpdateTransactionDraft' or its corresponding type declarations.
src/domain/usecases/agent/ConfirmTransactionDraft.ts(30,13): error TS2367: This comparison appears to be unintentional because the types 'DraftStatus' and '"WAITING_FOR_CONFIRMATION"' have no overlap.
src/domain/usecases/agent/CreateTransactionDraft.ts(32,13): error TS2322: Type 'DraftStatus.IN_PROGRESS' is not assignable to type 'DraftStatus'.
src/domain/usecases/agent/UpdateTransactionDraft.ts(77,17): error TS2367: This comparison appears to be unintentional because the types '"INCOMPLETE" | "READY" | "FINALIZED"' and 'DraftStatus.IN_PROGRESS' have no overlap.
src/domain/usecases/agent/UpdateTransactionDraft.ts(78,17): error TS2367: This comparison appears to be unintentional because the types '"INCOMPLETE" | "READY" | "FINALIZED"' and 'DraftStatus.WAITING_FOR_INPUT' have no overlap.
src/domain/usecases/agent/UpdateTransactionDraft.ts(80,17): error TS2322: Type 'DraftStatus.WAITING_FOR_CONFIRMATION' is not assignable to type '"INCOMPLETE" | "READY" | "FINALIZED"'.
src/domain/usecases/agent/UpdateTransactionDraft.ts(84,17): error TS2367: This comparison appears to be unintentional because the types '"INCOMPLETE" | "READY" | "FINALIZED"' and 'DraftStatus.IN_PROGRESS' have no overlap.
src/domain/usecases/agent/UpdateTransactionDraft.ts(85,17): error TS2322: Type 'DraftStatus.WAITING_FOR_INPUT' is not assignable to type '"INCOMPLETE" | "READY" | "FINALIZED"'.
src/domain/usecases/budgets/AddBudgetAllocation.ts(78,17): error TS2353: Object literal may only specify known properties, and 'totalPlanned' does not exist in type 'Omit<Budget, "id" | "createdAt" | "updatedAt">'.
src/domain/usecases/budgets/AddBudgetAllocation.ts(100,17): error TS2353: Object literal may only specify known properties, and 'actualAmount' does not exist in type 'Omit<BudgetCategory, "id" | "createdAt" | "updatedAt">'.
src/domain/usecases/budgets/AddBudgetAllocation.ts(109,13): error TS2353: Object literal may only specify known properties, and 'totalPlanned' does not exist in type 'Partial<Budget>'.
src/domain/usecases/loans/RepayLoan.ts(3,15): error TS2305: Module '"../../entities/Loan"' has no exported member 'LoanRepayment'.
src/domain/usecases/loans/RepayLoan.ts(8,10): error TS2305: Module '"../../entities/Loan"' has no exported member 'calculateOutstandingAmount'.
src/domain/usecases/loans/RepayLoan.ts(8,38): error TS2305: Module '"../../entities/Loan"' has no exported member 'shouldMarkAsRepaid'.
src/domain/usecases/loans/RepayLoan.ts(66,33): error TS2339: Property 'outstandingAmount' does not exist on type 'Loan'.
src/domain/usecases/loans/RepayLoan.ts(67,100): error TS2339: Property 'outstandingAmount' does not exist on type 'Loan'.
src/domain/usecases/loans/RepayLoan.ts(107,37): error TS2339: Property 'totalRepaid' does not exist on type 'Loan'.
src/domain/usecases/loans/RepayLoan.ts(112,13): error TS2353: Object literal may only specify known properties, and 'totalRepaid' does not exist in type 'Partial<Loan>'.
