src/data/firebase/category.ts(8,10): error TS6133: 'DocumentData' is declared but its value is never read.
src/data/repositories/__tests__/TransactionDraftRepository.test.ts(40,19): error TS6133: 'firestoreDoc' is declared but its value is never read.
src/data/repositories/__tests__/TransactionDraftRepository.test.ts(96,19): error TS6133: 'draftId' is declared but its value is never read.
src/data/repositories/__tests__/TransactionDraftRepository.test.ts(105,19): error TS6133: 'draftId' is declared but its value is never read.
src/data/repositories/AgentConversationRepository.ts(129,17): error TS2322: Type 'string | undefined' is not assignable to type 'string | null'.
  Type 'undefined' is not assignable to type 'string | null'.
src/data/repositories/AgentConversationRepository.ts(263,13): error TS2322: Type 'string | null' is not assignable to type 'string | undefined'.
  Type 'null' is not assignable to type 'string | undefined'.
src/data/repositories/AgentConversationRepository.ts(265,13): error TS2322: Type 'Date | null' is not assignable to type 'Date | undefined'.
  Type 'null' is not assignable to type 'Date | undefined'.
src/data/repositories/ChatMessageRepository.ts(75,31): error TS2339: Property 'role' does not exist on type 'Omit<ChatMessage, "id" | "timestamp">'.
src/data/repositories/ChatMessageRepository.ts(86,17): error TS2353: Object literal may only specify known properties, and 'role' does not exist in type 'ChatMessage'.
src/data/repositories/ChatMessageRepository.ts(86,31): error TS2339: Property 'role' does not exist on type 'Omit<ChatMessage, "id" | "timestamp">'.
src/data/repositories/ChatMessageRepository.ts(123,13): error TS2353: Object literal may only specify known properties, and 'role' does not exist in type 'ChatMessage'.
src/domain/services/__tests__/AgentOrchestrator.integration.test.ts(31,9): error TS2741: Property 'markAsFinalized' is missing in type '{ getById: Mock<Procedure>; getByConversation: Mock<Procedure>; getAllByUser: Mock<Procedure>; create: Mock<Procedure>; ... 4 more ...; permanentDelete: Mock<...>; }' but required in type 'ITransactionDraftRepository'.
src/domain/services/__tests__/AgentOrchestrator.integration.test.ts(43,9): error TS2741: Property 'updateBalance' is missing in type '{ getAll: Mock<Procedure>; getById: Mock<Procedure>; create: Mock<Procedure>; update: Mock<Procedure>; delete: Mock<...>; }' but required in type 'ICashPoolRepository'.
src/domain/services/__tests__/AgentOrchestrator.integration.test.ts(51,9): error TS2739: Type '{ getAll: Mock<Procedure>; getById: Mock<Procedure>; create: Mock<Procedure>; update: Mock<Procedure>; delete: Mock<...>; }' is missing the following properties from type 'ICategoryRepository': getByType, initializeDefaultCategories
src/domain/services/__tests__/AgentOrchestrator.integration.test.ts(123,71): error TS2345: Argument of type '{ id: string; userId: string; agentState: AgentState; activeDraftId: string; isDeleted: boolean; completedAt: null; startedAt: Date; lastActivityAt: Date; }' is not assignable to parameter of type 'AgentConversation'.
  Types of property 'completedAt' are incompatible.
    Type 'null' is not assignable to type 'Date | undefined'.
src/domain/services/__tests__/AgentOrchestrator.integration.test.ts(124,74): error TS2345: Argument of type '{ id: string; userId: string; conversationId: string; status: DraftStatus; extractedFields: { amount: number; poolId: string; categoryId: string; purpose: string; type: "EXPENSE"; date: Date; }; ... 6 more ...; updatedAt: Date; }' is not assignable to parameter of type 'TransactionDraft'.
  Property 'confidenceMap' is missing in type '{ id: string; userId: string; conversationId: string; status: DraftStatus; extractedFields: { amount: number; poolId: string; categoryId: string; purpose: string; type: "EXPENSE"; date: Date; }; ... 6 more ...; updatedAt: Date; }' but required in type 'TransactionDraft'.
src/domain/services/__tests__/AgentOrchestrator.integration.test.ts(125,63): error TS2345: Argument of type '{ id: string; userId: string; name: string; type: "CASH"; balance: number; currency: string; isActive: boolean; createdAt: Date; updatedAt: Date; }' is not assignable to parameter of type 'CashPool'.
  Property 'initialBalance' is missing in type '{ id: string; userId: string; name: string; type: "CASH"; balance: number; currency: string; isActive: boolean; createdAt: Date; updatedAt: Date; }' but required in type 'CashPool'.
src/domain/services/__tests__/AgentOrchestrator.integration.test.ts(126,67): error TS2345: Argument of type '{ id: string; userId: string; key: string; type: "EXPENSE"; createdAt: Date; updatedAt: Date; }' is not assignable to parameter of type 'Category'.
  Type '{ id: string; userId: string; key: string; type: "EXPENSE"; createdAt: Date; updatedAt: Date; }' is missing the following properties from type 'Category': icon, color
src/domain/services/__tests__/AgentOrchestrator.integration.test.ts(169,71): error TS2345: Argument of type '{ id: string; userId: string; agentState: AgentState; activeDraftId: string; isDeleted: boolean; completedAt: null; startedAt: Date; lastActivityAt: Date; }' is not assignable to parameter of type 'AgentConversation'.
  Types of property 'completedAt' are incompatible.
    Type 'null' is not assignable to type 'Date | undefined'.
src/domain/services/__tests__/AgentOrchestrator.integration.test.ts(170,74): error TS2345: Argument of type '{ id: string; userId: string; conversationId: string; status: DraftStatus; extractedFields: { amount: number; poolId: string; categoryId: string; purpose: string; type: "EXPENSE"; date: Date; }; ... 6 more ...; updatedAt: Date; }' is not assignable to parameter of type 'TransactionDraft'.
  Property 'confidenceMap' is missing in type '{ id: string; userId: string; conversationId: string; status: DraftStatus; extractedFields: { amount: number; poolId: string; categoryId: string; purpose: string; type: "EXPENSE"; date: Date; }; ... 6 more ...; updatedAt: Date; }' but required in type 'TransactionDraft'.
src/domain/services/__tests__/AgentOrchestrator.integration.test.ts(223,71): error TS2345: Argument of type '{ id: string; userId: string; agentState: AgentState; activeDraftId: string; isDeleted: boolean; completedAt: null; startedAt: Date; lastActivityAt: Date; }' is not assignable to parameter of type 'AgentConversation'.
  Types of property 'completedAt' are incompatible.
    Type 'null' is not assignable to type 'Date | undefined'.
src/domain/services/__tests__/AgentOrchestrator.integration.test.ts(224,74): error TS2345: Argument of type '{ id: string; userId: string; conversationId: string; status: DraftStatus; extractedFields: { amount: number; poolId: string; categoryId: string; purpose: string; type: "EXPENSE"; date: Date; }; ... 6 more ...; updatedAt: Date; }' is not assignable to parameter of type 'TransactionDraft'.
  Property 'confidenceMap' is missing in type '{ id: string; userId: string; conversationId: string; status: DraftStatus; extractedFields: { amount: number; poolId: string; categoryId: string; purpose: string; type: "EXPENSE"; date: Date; }; ... 6 more ...; updatedAt: Date; }' but required in type 'TransactionDraft'.
src/domain/services/__tests__/AgentOrchestrator.integration.test.ts(225,63): error TS2345: Argument of type '{ extractedFields: { amount: number; poolId: string; categoryId: string; purpose: string; type: "EXPENSE"; date: Date; }; id: string; userId: string; conversationId: string; status: DraftStatus; ... 6 more ...; updatedAt: Date; }' is not assignable to parameter of type 'TransactionDraft'.
  Property 'confidenceMap' is missing in type '{ extractedFields: { amount: number; poolId: string; categoryId: string; purpose: string; type: "EXPENSE"; date: Date; }; id: string; userId: string; conversationId: string; status: DraftStatus; ... 6 more ...; updatedAt: Date; }' but required in type 'TransactionDraft'.
src/domain/services/__tests__/AgentOrchestrator.integration.test.ts(230,17): error TS2820: Type '"CASH"' is not assignable to type 'PoolType'. Did you mean '"cash"'?
src/domain/services/__tests__/AgentOrchestrator.integration.test.ts(243,17): error TS2353: Object literal may only specify known properties, and 'updatedAt' does not exist in type 'Category'.
src/domain/services/__tests__/AgentOrchestrator.integration.test.ts(302,75): error TS2345: Argument of type '{ id: string; userId: string; agentState: AgentState; activeDraftId: string; isDeleted: boolean; completedAt: null; startedAt: Date; lastActivityAt: Date; }' is not assignable to parameter of type 'AgentConversation'.
  Types of property 'completedAt' are incompatible.
    Type 'null' is not assignable to type 'Date | undefined'.
src/domain/services/__tests__/AgentOrchestrator.integration.test.ts(303,78): error TS2345: Argument of type '{ id: string; userId: string; conversationId: string; status: DraftStatus; extractedFields: { amount: number; poolId: string; categoryId: string; purpose: string; type: "EXPENSE"; date: Date; }; ... 6 more ...; updatedAt: Date; }' is not assignable to parameter of type 'TransactionDraft'.
  Property 'confidenceMap' is missing in type '{ id: string; userId: string; conversationId: string; status: DraftStatus; extractedFields: { amount: number; poolId: string; categoryId: string; purpose: string; type: "EXPENSE"; date: Date; }; ... 6 more ...; updatedAt: Date; }' but required in type 'TransactionDraft'.
src/domain/services/AgentOrchestrator.ts(147,15): error TS6133: 'draft' is declared but its value is never read.
src/domain/services/AgentOrchestrator.ts(515,9): error TS6133: 'userId' is declared but its value is never read.
src/domain/services/DraftMutationService.ts(30,25): error TS6138: Property 'draftRepository' is declared but its value is never read.
src/domain/usecases/agent/CreateTransactionDraft.ts(26,57): error TS2345: Argument of type '{ userId: string; conversationId: string; extractedFields: {}; confidenceMap: {}; missingFields: string[]; status: DraftStatus.IN_PROGRESS; }' is not assignable to parameter of type 'Omit<TransactionDraft, "id" | "createdAt" | "updatedAt">'.
  Property 'isDeleted' is missing in type '{ userId: string; conversationId: string; extractedFields: {}; confidenceMap: {}; missingFields: string[]; status: DraftStatus.IN_PROGRESS; }' but required in type 'Omit<TransactionDraft, "id" | "createdAt" | "updatedAt">'.
src/presentation/components/AddTransactionModal.tsx(350,60): error TS2339: Property 'name' does not exist on type 'Category'.
src/presentation/components/ChatWidget/ChatInput.tsx(1,10): error TS6133: 'useState' is declared but its value is never read.
src/presentation/components/ChatWidget/ChatInput.tsx(1,20): error TS1484: 'KeyboardEvent' is a type and must be imported using a type-only import when 'verbatimModuleSyntax' is enabled.
src/presentation/components/ChatWidget/SelectableOptions.tsx(13,11): error TS6133: 't' is declared but its value is never read.
